<?xml version="1.0" encoding="UTF-8"?>
<!-- Generated by org.testng.reporters.JUnitReportReporter -->
<testsuite hostname="DESKTOP-HIF0G3U" failures="0" tests="1" name="com.selenium.tests.LoginPageTests" time="5.619" errors="0" timestamp="2021-04-17T17:33:40 AEST" skipped="0">
  <testcase classname="com.selenium.tests.LoginPageTests" name="test1" time="5.619"/>
  <system-out/>
</testsuite> <!-- com.selenium.tests.LoginPageTests -->
