<?xml version="1.0" encoding="UTF-8"?>
<!-- Generated by org.testng.reporters.JUnitReportReporter -->
<testsuite hostname="DESKTOP-HIF0G3U" failures="0" tests="2" name="com.selenium.tests.OrangeHRMTests" time="24.701" errors="0" timestamp="2021-05-02T11:31:20 AEST" skipped="0">
  <testcase classname="com.selenium.tests.OrangeHRMTests" name="homePageTest" time="12.171"/>
  <system-out/>
  <testcase classname="com.selenium.tests.OrangeHRMTests" name="loginPageTest" time="12.530"/>
  <system-out/>
</testsuite> <!-- com.selenium.tests.OrangeHRMTests -->
