<?xml version="1.0" encoding="UTF-8"?>
<!-- Generated by org.testng.reporters.JUnitReportReporter -->
<testsuite hostname="DESKTOP-HIF0G3U" failures="0" tests="1" name="com.selenium.tests.HomePageTests" time="5.734" errors="0" timestamp="2021-04-17T15:12:15 AEST" skipped="0">
  <testcase classname="com.selenium.tests.HomePageTests" name="test2" time="5.734"/>
  <system-out/>
</testsuite> <!-- com.selenium.tests.HomePageTests -->
