<?xml version="1.0" encoding="UTF-8"?>
<!-- Generated by org.testng.reporters.JUnitReportReporter -->
<testsuite hostname="DESKTOP-HIF0G3U" failures="0" tests="3" name="com.selenium.tests.CodilityislandTest" time="18.868" errors="0" timestamp="2021-05-02T19:19:00 AEST" skipped="0">
  <testcase classname="com.selenium.tests.CodilityislandTest" name="searchIslandTest" time="6.936"/>
  <system-out/>
  <testcase classname="com.selenium.tests.CodilityislandTest" name="searchPortTest" time="6.318"/>
  <system-out/>
  <testcase classname="com.selenium.tests.CodilityislandTest" name="emptyKeywordSearch" time="5.614"/>
  <system-out/>
</testsuite> <!-- com.selenium.tests.CodilityislandTest -->
